<?xml version="1.0" encoding="UTF-8"?>
<Site BuildName="(empty)"
	BuildStamp="20240616-2130-Experimental"
	Name="joakim-MacBookPro"
	Generator="ctest-3.10.2"
	CompilerName="/usr/bin/c++"
	CompilerVersion="7.5.0"
	OSName="Linux"
	Hostname="joakim-MacBookPro"
	OSRelease="5.4.0-150-generic"
	OSVersion="#167~18.04.1-Ubuntu SMP Wed May 24 00:51:42 UTC 2023"
	OSPlatform="x86_64"
	Is64Bits="1"
	VendorString="GenuineIntel"
	VendorID="Intel Corporation"
	FamilyID="6"
	ModelID="61"
	ProcessorCacheSize="3072"
	NumberOfLogicalCPU="4"
	NumberOfPhysicalCPU="2"
	TotalVirtualMemory="979"
	TotalPhysicalMemory="7860"
	LogicalProcessorsPerPhysical="2"
	ProcessorClockFrequency="2948.8"
	>
	<Testing>
		<StartDateTime>Jun 16 23:30 CEST</StartDateTime>
		<StartTestTime>1718573416</StartTestTime>
		<TestList/>
		<EndDateTime>Jun 16 23:30 CEST</EndDateTime>
		<EndTestTime>1718573416</EndTestTime>
		<ElapsedMinutes>0</ElapsedMinutes>
	</Testing>
</Site>
